<?xml version="1.0" encoding="UTF-8"?>
<testsuite name="io.pivotal.catalog.controllers.CatalogApiControllerTest" tests="1" skipped="0" failures="0" errors="0" timestamp="2018-06-29T14:00:29" hostname="Bens-MacBook-Pro.local" time="0.003">
  <properties/>
  <testcase name="checkControllerCallsServiceCorrectly" classname="io.pivotal.catalog.controllers.CatalogApiControllerTest" time="0.003"/>
  <system-out><![CDATA[2018-06-29 15:00:29.769  INFO 20053 --- [    Test worker] o.s.t.c.s.DefaultTestContextBootstrapper : Neither @ContextConfiguration nor @ContextHierarchy found for test class [io.pivotal.catalog.controllers.CatalogApiControllerTest], using DelegatingSmartContextLoader
2018-06-29 15:00:29.770  INFO 20053 --- [    Test worker] o.s.t.c.support.AbstractContextLoader    : Could not detect default resource locations for test class [io.pivotal.catalog.controllers.CatalogApiControllerTest]: no resource found for suffixes {-context.xml}.
2018-06-29 15:00:29.770  INFO 20053 --- [    Test worker] t.c.s.AnnotationConfigContextLoaderUtils : Could not detect default configuration classes for test class [io.pivotal.catalog.controllers.CatalogApiControllerTest]: CatalogApiControllerTest does not declare any static, non-private, non-final, nested classes annotated with @Configuration.
2018-06-29 15:00:29.781  INFO 20053 --- [    Test worker] o.s.t.c.s.DefaultTestContextBootstrapper : Loaded default TestExecutionListener class names from location [META-INF/spring.factories]: [org.springframework.boot.test.autoconfigure.restdocs.RestDocsTestExecutionListener, org.springframework.boot.test.autoconfigure.web.client.MockRestServiceServerResetTestExecutionListener, org.springframework.boot.test.autoconfigure.web.servlet.MockMvcPrintOnlyOnFailureTestExecutionListener, org.springframework.boot.test.autoconfigure.web.servlet.WebDriverTestExecutionListener, org.springframework.boot.test.mock.mockito.MockitoTestExecutionListener, org.springframework.boot.test.mock.mockito.ResetMocksTestExecutionListener, org.springframework.test.context.web.ServletTestExecutionListener, org.springframework.test.context.support.DirtiesContextBeforeModesTestExecutionListener, org.springframework.test.context.support.DependencyInjectionTestExecutionListener, org.springframework.test.context.support.DirtiesContextTestExecutionListener, org.springframework.test.context.transaction.TransactionalTestExecutionListener, org.springframework.test.context.jdbc.SqlScriptsTestExecutionListener]
2018-06-29 15:00:29.781  INFO 20053 --- [    Test worker] o.s.t.c.s.DefaultTestContextBootstrapper : Using TestExecutionListeners: [org.springframework.test.context.web.ServletTestExecutionListener@715d64ed, org.springframework.test.context.support.DirtiesContextBeforeModesTestExecutionListener@b9468e3, org.springframework.boot.test.mock.mockito.MockitoTestExecutionListener@7668e324, org.springframework.test.context.support.DependencyInjectionTestExecutionListener@1f17c9c3, org.springframework.test.context.support.DirtiesContextTestExecutionListener@577acc0, org.springframework.test.context.transaction.TransactionalTestExecutionListener@2d8c1ffd, org.springframework.test.context.jdbc.SqlScriptsTestExecutionListener@1cccb8ab, org.springframework.boot.test.autoconfigure.restdocs.RestDocsTestExecutionListener@3db42320, org.springframework.boot.test.autoconfigure.web.client.MockRestServiceServerResetTestExecutionListener@59d89fa, org.springframework.boot.test.autoconfigure.web.servlet.MockMvcPrintOnlyOnFailureTestExecutionListener@48231d43, org.springframework.boot.test.autoconfigure.web.servlet.WebDriverTestExecutionListener@31d3fd0c, org.springframework.boot.test.mock.mockito.ResetMocksTestExecutionListener@2d626535]
2018-06-29 15:00:29.783  INFO 20053 --- [    Test worker] o.s.c.support.GenericApplicationContext  : Refreshing org.springframework.context.support.GenericApplicationContext@14402fe7: startup date [Fri Jun 29 15:00:29 BST 2018]; root of context hierarchy
2018-06-29 15:00:29.791  INFO 20053 --- [    Test worker] f.a.AutowiredAnnotationBeanPostProcessor : JSR-330 'javax.inject.Inject' annotation found and supported for autowiring
2018-06-29 15:00:29.840  INFO 20053 --- [    Test worker] i.p.c.controllers.CatalogApiController   : Executing command: AddProductToCatalogCommand{id='3635ebce-fcb4-4d02-a535-4d465398f465', name='test-3635ebce-fcb4-4d02-a535-4d465398f465'}
]]></system-out>
  <system-err><![CDATA[]]></system-err>
</testsuite>
