<?xml version="1.0" encoding="UTF-8"?>
<testsuite name="io.pivotal.catalog.services.CatalogServiceTest" tests="1" skipped="0" failures="0" errors="0" timestamp="2018-06-29T14:00:29" hostname="Bens-MacBook-Pro.local" time="0.001">
  <properties/>
  <testcase name="testApi" classname="io.pivotal.catalog.services.CatalogServiceTest" time="0.001"/>
  <system-out><![CDATA[2018-06-29 15:00:29.843  INFO 20053 --- [    Test worker] o.s.t.c.s.DefaultTestContextBootstrapper : Neither @ContextConfiguration nor @ContextHierarchy found for test class [io.pivotal.catalog.services.CatalogServiceTest], using DelegatingSmartContextLoader
2018-06-29 15:00:29.844  INFO 20053 --- [    Test worker] o.s.t.c.support.AbstractContextLoader    : Could not detect default resource locations for test class [io.pivotal.catalog.services.CatalogServiceTest]: no resource found for suffixes {-context.xml}.
2018-06-29 15:00:29.845  INFO 20053 --- [    Test worker] t.c.s.AnnotationConfigContextLoaderUtils : Could not detect default configuration classes for test class [io.pivotal.catalog.services.CatalogServiceTest]: CatalogServiceTest does not declare any static, non-private, non-final, nested classes annotated with @Configuration.
2018-06-29 15:00:29.851  INFO 20053 --- [    Test worker] o.s.t.c.s.DefaultTestContextBootstrapper : Loaded default TestExecutionListener class names from location [META-INF/spring.factories]: [org.springframework.boot.test.autoconfigure.restdocs.RestDocsTestExecutionListener, org.springframework.boot.test.autoconfigure.web.client.MockRestServiceServerResetTestExecutionListener, org.springframework.boot.test.autoconfigure.web.servlet.MockMvcPrintOnlyOnFailureTestExecutionListener, org.springframework.boot.test.autoconfigure.web.servlet.WebDriverTestExecutionListener, org.springframework.boot.test.mock.mockito.MockitoTestExecutionListener, org.springframework.boot.test.mock.mockito.ResetMocksTestExecutionListener, org.springframework.test.context.web.ServletTestExecutionListener, org.springframework.test.context.support.DirtiesContextBeforeModesTestExecutionListener, org.springframework.test.context.support.DependencyInjectionTestExecutionListener, org.springframework.test.context.support.DirtiesContextTestExecutionListener, org.springframework.test.context.transaction.TransactionalTestExecutionListener, org.springframework.test.context.jdbc.SqlScriptsTestExecutionListener]
2018-06-29 15:00:29.852  INFO 20053 --- [    Test worker] o.s.t.c.s.DefaultTestContextBootstrapper : Using TestExecutionListeners: [org.springframework.test.context.web.ServletTestExecutionListener@1dafcc04, org.springframework.test.context.support.DirtiesContextBeforeModesTestExecutionListener@295c59e0, org.springframework.boot.test.mock.mockito.MockitoTestExecutionListener@2bd8f70e, org.springframework.test.context.support.DependencyInjectionTestExecutionListener@23e9b4aa, org.springframework.test.context.support.DirtiesContextTestExecutionListener@4045833f, org.springframework.test.context.transaction.TransactionalTestExecutionListener@b9d518e, org.springframework.test.context.jdbc.SqlScriptsTestExecutionListener@6711a774, org.springframework.boot.test.autoconfigure.restdocs.RestDocsTestExecutionListener@9b303d8, org.springframework.boot.test.autoconfigure.web.client.MockRestServiceServerResetTestExecutionListener@650335aa, org.springframework.boot.test.autoconfigure.web.servlet.MockMvcPrintOnlyOnFailureTestExecutionListener@47309a5, org.springframework.boot.test.autoconfigure.web.servlet.WebDriverTestExecutionListener@6eb32458, org.springframework.boot.test.mock.mockito.ResetMocksTestExecutionListener@7f0f5795]
2018-06-29 15:00:29.854  INFO 20053 --- [    Test worker] o.s.c.support.GenericApplicationContext  : Refreshing org.springframework.context.support.GenericApplicationContext@1f7f8c44: startup date [Fri Jun 29 15:00:29 BST 2018]; root of context hierarchy
2018-06-29 15:00:29.867  INFO 20053 --- [    Test worker] f.a.AutowiredAnnotationBeanPostProcessor : JSR-330 'javax.inject.Inject' annotation found and supported for autowiring
]]></system-out>
  <system-err><![CDATA[]]></system-err>
</testsuite>
